<?xml version="1.0" encoding="UTF-8"?>
<!-- Generated by org.testng.reporters.JUnitReportReporter -->
<testsuite hostname="hp252734T" failures="0" tests="1" name="testScript.NewTest3" time="0.006" errors="0" timestamp="2024-07-26T12:28:15 IST" skipped="0">
  <testcase classname="testScript.NewTest3" name="f" time="0.006"/>
  <system-out/>
</testsuite> <!-- testScript.NewTest3 -->
