<?xml version="1.0" encoding="UTF-8"?>
<!-- Generated by org.testng.reporters.JUnitReportReporter -->
<testsuite hostname="hp252734T" failures="0" tests="2" name="testScript.CheckBox" time="20.141" errors="0" timestamp="2024-07-29T09:57:14 IST" skipped="0">
  <testcase classname="testScript.CheckBox" name="f" time="12.337"/>
  <system-out/>
  <testcase classname="testScript.CheckBox" name="checkBox" time="7.804"/>
  <system-out/>
</testsuite> <!-- testScript.CheckBox -->
