<?xml version="1.0" encoding="UTF-8"?>
<!-- Generated by org.testng.reporters.JUnitReportReporter -->
<testsuite hostname="hp252734T" failures="0" tests="4" name="testScript.Priority" time="0.009" errors="0" timestamp="2024-07-26T17:42:29 IST" skipped="0">
  <testcase classname="testScript.Priority" name="sample" time="0.006"/>
  <system-out/>
  <testcase classname="testScript.Priority" name="specalCharecter" time="0.001"/>
  <system-out/>
  <testcase classname="testScript.Priority" name="number" time="0.002"/>
  <system-out/>
  <testcase classname="testScript.Priority" name="color" time="0.000"/>
  <system-out/>
</testsuite> <!-- testScript.Priority -->
