<?xml version="1.0" encoding="UTF-8"?>
<!-- Generated by org.testng.reporters.JUnitReportReporter -->
<testsuite hostname="hp252734T" failures="0" tests="1" name="testScript.NewTest4" time="0.008" errors="0" timestamp="2024-07-30T20:58:35 IST" skipped="0">
  <testcase classname="testScript.NewTest4" name="f" time="0.008"/>
  <system-out/>
</testsuite> <!-- testScript.NewTest4 -->
