<?xml version="1.0" encoding="UTF-8"?>
<!-- Generated by org.testng.reporters.JUnitReportReporter -->
<testsuite hostname="hp252734T" failures="0" tests="1" name="testScript.Base" time="7.805" errors="0" timestamp="2024-07-26T17:54:42 IST" skipped="0">
  <testcase classname="testScript.Base" name="f" time="7.805"/>
  <system-out/>
</testsuite> <!-- testScript.Base -->
