<?xml version="1.0" encoding="UTF-8"?>
<!-- Generated by org.testng.reporters.JUnitReportReporter -->
<testsuite hostname="hp252734T" failures="0" tests="2" name="testScript.NewTest" time="0.015" errors="0" timestamp="2024-07-26T12:22:31 IST" skipped="0">
  <testcase classname="testScript.NewTest" name="sample" time="0.013"/>
  <system-out/>
  <testcase classname="testScript.NewTest" name="sample3" time="0.002"/>
  <system-out/>
</testsuite> <!-- testScript.NewTest -->
